{"level":"info","message":"Starting KD-Tree initialization (attempt 1/3)","timestamp":"2025-05-04T04:59:52.158Z"}
{"level":"info","message":"Starting KD-Tree initialization (attempt 1/3)","timestamp":"2025-05-04T04:59:52.428Z"}
{"level":"info","message":"Fetched 565 firms from database","timestamp":"2025-05-04T05:00:05.542Z"}
{"level":"info","message":"KD-Tree initialized with 565 firms","timestamp":"2025-05-04T05:00:05.553Z"}
{"level":"info","message":"Fetched 565 firms from database","timestamp":"2025-05-04T05:00:05.622Z"}
{"level":"info","message":"KD-Tree initialized with 565 firms","timestamp":"2025-05-04T05:00:05.630Z"}
{"level":"info","message":"KD-Tree rebuilt successfully","timestamp":"2025-05-04T05:00:05.631Z"}
{"level":"info","message":"Received restaurant query: {\"cursor\":\"0\",\"lat\":\"43.6534627\",\"lon\":\"-79.4276471\",\"radius\":\"5\",\"limit\":\"65\"}","timestamp":"2025-05-04T05:00:21.059Z"}
{"level":"info","message":"MongoDB geospatial query returned 0 firms","timestamp":"2025-05-04T05:00:21.114Z"}
{"level":"info","message":"After KD-Tree filter: 0 firms remain","timestamp":"2025-05-04T05:00:21.116Z"}
{"level":"info","message":"No restaurants found after all filters","timestamp":"2025-05-04T05:00:21.116Z"}
{"level":"info","message":"Received restaurant query: {\"cursor\":\"0\",\"lat\":\"43.6534627\",\"lon\":\"-79.4276471\",\"radius\":\"5\",\"limit\":\"65\"}","timestamp":"2025-05-04T05:00:23.646Z"}
{"level":"info","message":"MongoDB geospatial query returned 0 firms","timestamp":"2025-05-04T05:00:23.700Z"}
{"level":"info","message":"After KD-Tree filter: 0 firms remain","timestamp":"2025-05-04T05:00:23.701Z"}
{"level":"info","message":"No restaurants found after all filters","timestamp":"2025-05-04T05:00:23.701Z"}
{"level":"info","message":"Received restaurant query: {\"cursor\":\"0\",\"lat\":\"43.6534627\",\"lon\":\"-79.4276471\",\"radius\":\"5\",\"limit\":\"65\"}","timestamp":"2025-05-04T05:00:25.481Z"}
{"level":"info","message":"MongoDB geospatial query returned 0 firms","timestamp":"2025-05-04T05:00:25.535Z"}
{"level":"info","message":"After KD-Tree filter: 0 firms remain","timestamp":"2025-05-04T05:00:25.536Z"}
{"level":"info","message":"No restaurants found after all filters","timestamp":"2025-05-04T05:00:25.536Z"}
{"level":"info","message":"Search query: {\"query\":\"stal\",\"lat\":\"40.7128\",\"lon\":\"-74.0060\"}","timestamp":"2025-05-26T08:40:18.513Z"}
{"level":"error","message":"Tiffin aggregation failed: $function not allowed in this atlas tier","timestamp":"2025-05-26T08:40:18.655Z"}
{"level":"error","message":"Search error: Tiffin aggregation failed: $function not allowed in this atlas tier","stack":"Error: Tiffin aggregation failed: $function not allowed in this atlas tier\n    at C:\\Users\\praja\\OneDrive\\Desktop\\push\\project-z\\Backend\\Search\\searchRoute.js:427:15\n    at process.processTicksAndRejections (node:internal/process/task_queues:105:5)\n    at async Promise.all (index 1)\n    at async RestaurantAndTiffinSearchEngine.search (C:\\Users\\praja\\OneDrive\\Desktop\\push\\project-z\\Backend\\Search\\searchRoute.js:420:48)\n    at async Promise.all (index 0)\n    at async C:\\Users\\praja\\OneDrive\\Desktop\\push\\project-z\\Backend\\Search\\searchRoute.js:849:55","timestamp":"2025-05-26T08:40:18.656Z"}
{"level":"error","message":"Restaurant aggregation failed: $function not allowed in this atlas tier","timestamp":"2025-05-26T08:40:18.662Z"}
{"level":"info","message":"Search query: {\"query\":\"sa\",\"lat\":\"40.7128\",\"lon\":\"-74.0060\"}","timestamp":"2025-05-26T08:40:20.765Z"}
{"level":"error","message":"Restaurant aggregation failed: $function not allowed in this atlas tier","timestamp":"2025-05-26T08:40:20.891Z"}
{"level":"error","message":"Search error: Restaurant aggregation failed: $function not allowed in this atlas tier","stack":"Error: Restaurant aggregation failed: $function not allowed in this atlas tier\n    at C:\\Users\\praja\\OneDrive\\Desktop\\push\\project-z\\Backend\\Search\\searchRoute.js:423:15\n    at process.processTicksAndRejections (node:internal/process/task_queues:105:5)\n    at async Promise.all (index 0)\n    at async RestaurantAndTiffinSearchEngine.search (C:\\Users\\praja\\OneDrive\\Desktop\\push\\project-z\\Backend\\Search\\searchRoute.js:420:48)\n    at async Promise.all (index 0)\n    at async C:\\Users\\praja\\OneDrive\\Desktop\\push\\project-z\\Backend\\Search\\searchRoute.js:849:55","timestamp":"2025-05-26T08:40:20.892Z"}
{"level":"error","message":"Tiffin aggregation failed: $function not allowed in this atlas tier","timestamp":"2025-05-26T08:40:20.893Z"}
{"level":"info","message":"Search query: {\"query\":\"salt\",\"lat\":\"40.7128\",\"lon\":\"-74.0060\"}","timestamp":"2025-05-26T08:40:21.826Z"}
{"level":"error","message":"Restaurant aggregation failed: $function not allowed in this atlas tier","timestamp":"2025-05-26T08:40:21.951Z"}
{"level":"error","message":"Search error: Restaurant aggregation failed: $function not allowed in this atlas tier","stack":"Error: Restaurant aggregation failed: $function not allowed in this atlas tier\n    at C:\\Users\\praja\\OneDrive\\Desktop\\push\\project-z\\Backend\\Search\\searchRoute.js:423:15\n    at process.processTicksAndRejections (node:internal/process/task_queues:105:5)\n    at async Promise.all (index 0)\n    at async RestaurantAndTiffinSearchEngine.search (C:\\Users\\praja\\OneDrive\\Desktop\\push\\project-z\\Backend\\Search\\searchRoute.js:420:48)\n    at async Promise.all (index 0)\n    at async C:\\Users\\praja\\OneDrive\\Desktop\\push\\project-z\\Backend\\Search\\searchRoute.js:849:55","timestamp":"2025-05-26T08:40:21.952Z"}
{"level":"error","message":"Tiffin aggregation failed: $function not allowed in this atlas tier","timestamp":"2025-05-26T08:40:21.955Z"}
{"level":"info","message":"Search query: {\"query\":\"salt wine\",\"lat\":\"40.7128\",\"lon\":\"-74.0060\"}","timestamp":"2025-05-26T08:40:23.710Z"}
{"level":"error","message":"Restaurant aggregation failed: $function not allowed in this atlas tier","timestamp":"2025-05-26T08:40:23.830Z"}
{"level":"error","message":"Search error: Restaurant aggregation failed: $function not allowed in this atlas tier","stack":"Error: Restaurant aggregation failed: $function not allowed in this atlas tier\n    at C:\\Users\\praja\\OneDrive\\Desktop\\push\\project-z\\Backend\\Search\\searchRoute.js:423:15\n    at process.processTicksAndRejections (node:internal/process/task_queues:105:5)\n    at async Promise.all (index 0)\n    at async RestaurantAndTiffinSearchEngine.search (C:\\Users\\praja\\OneDrive\\Desktop\\push\\project-z\\Backend\\Search\\searchRoute.js:420:48)\n    at async Promise.all (index 0)\n    at async C:\\Users\\praja\\OneDrive\\Desktop\\push\\project-z\\Backend\\Search\\searchRoute.js:849:55","timestamp":"2025-05-26T08:40:23.831Z"}
{"level":"error","message":"Tiffin aggregation failed: $function not allowed in this atlas tier","timestamp":"2025-05-26T08:40:23.833Z"}
{"level":"info","message":"Search query: {\"query\":\"salt wine bar\",\"lat\":\"40.7128\",\"lon\":\"-74.0060\"}","timestamp":"2025-05-26T08:40:25.145Z"}
{"level":"error","message":"Restaurant aggregation failed: $function not allowed in this atlas tier","timestamp":"2025-05-26T08:40:25.274Z"}
{"level":"error","message":"Search error: Restaurant aggregation failed: $function not allowed in this atlas tier","stack":"Error: Restaurant aggregation failed: $function not allowed in this atlas tier\n    at C:\\Users\\praja\\OneDrive\\Desktop\\push\\project-z\\Backend\\Search\\searchRoute.js:423:15\n    at process.processTicksAndRejections (node:internal/process/task_queues:105:5)\n    at async Promise.all (index 0)\n    at async RestaurantAndTiffinSearchEngine.search (C:\\Users\\praja\\OneDrive\\Desktop\\push\\project-z\\Backend\\Search\\searchRoute.js:420:48)\n    at async Promise.all (index 0)\n    at async C:\\Users\\praja\\OneDrive\\Desktop\\push\\project-z\\Backend\\Search\\searchRoute.js:849:55","timestamp":"2025-05-26T08:40:25.274Z"}
{"level":"error","message":"Tiffin aggregation failed: $function not allowed in this atlas tier","timestamp":"2025-05-26T08:40:25.276Z"}
{"level":"info","message":"Recommend query: Milestones Grill   Bar - Markham","timestamp":"2025-05-26T08:40:29.274Z"}
{"level":"warn","message":"No restaurant found for name: Milestones Grill + Bar - Markham","timestamp":"2025-05-26T08:40:29.410Z"}
{"level":"info","message":"Cache set for key: recommend:Milestones Grill   Bar - Markham","timestamp":"2025-05-26T08:40:29.411Z"}
{"level":"info","message":"Recommend query: Milestones Grill   Bar - Markham","timestamp":"2025-05-26T08:40:30.193Z"}
{"level":"info","message":"Cache hit for key: recommend:Milestones Grill   Bar - Markham","timestamp":"2025-05-26T08:40:30.194Z"}
{"level":"info","message":"Search query: {\"query\":\"s\",\"lat\":\"40.7128\",\"lon\":\"-74.0060\"}","timestamp":"2025-05-26T08:40:32.646Z"}
{"level":"error","message":"Restaurant aggregation failed: $function not allowed in this atlas tier","timestamp":"2025-05-26T08:40:32.767Z"}
{"level":"error","message":"Search error: Restaurant aggregation failed: $function not allowed in this atlas tier","stack":"Error: Restaurant aggregation failed: $function not allowed in this atlas tier\n    at C:\\Users\\praja\\OneDrive\\Desktop\\push\\project-z\\Backend\\Search\\searchRoute.js:423:15\n    at process.processTicksAndRejections (node:internal/process/task_queues:105:5)\n    at async Promise.all (index 0)\n    at async RestaurantAndTiffinSearchEngine.search (C:\\Users\\praja\\OneDrive\\Desktop\\push\\project-z\\Backend\\Search\\searchRoute.js:420:48)\n    at async Promise.all (index 0)\n    at async C:\\Users\\praja\\OneDrive\\Desktop\\push\\project-z\\Backend\\Search\\searchRoute.js:849:55","timestamp":"2025-05-26T08:40:32.767Z"}
{"level":"error","message":"Tiffin aggregation failed: $function not allowed in this atlas tier","timestamp":"2025-05-26T08:40:32.769Z"}
{"level":"info","message":"Search query: {\"query\":\"salt\",\"lat\":\"40.7128\",\"lon\":\"-74.0060\"}","timestamp":"2025-05-26T08:40:33.463Z"}
{"level":"error","message":"Restaurant aggregation failed: $function not allowed in this atlas tier","timestamp":"2025-05-26T08:40:33.721Z"}
{"level":"error","message":"Search error: Restaurant aggregation failed: $function not allowed in this atlas tier","stack":"Error: Restaurant aggregation failed: $function not allowed in this atlas tier\n    at C:\\Users\\praja\\OneDrive\\Desktop\\push\\project-z\\Backend\\Search\\searchRoute.js:423:15\n    at process.processTicksAndRejections (node:internal/process/task_queues:105:5)\n    at async Promise.all (index 0)\n    at async RestaurantAndTiffinSearchEngine.search (C:\\Users\\praja\\OneDrive\\Desktop\\push\\project-z\\Backend\\Search\\searchRoute.js:420:48)\n    at async Promise.all (index 0)\n    at async C:\\Users\\praja\\OneDrive\\Desktop\\push\\project-z\\Backend\\Search\\searchRoute.js:849:55","timestamp":"2025-05-26T08:40:33.721Z"}
{"level":"error","message":"Tiffin aggregation failed: $function not allowed in this atlas tier","timestamp":"2025-05-26T08:40:33.723Z"}
{"level":"warn","message":"No close food item match found for query: s","timestamp":"2025-05-26T08:40:34.507Z"}
{"level":"info","message":"Search query: {\"query\":\"sa\",\"lat\":\"40.7128\",\"lon\":\"-74.0060\"}","timestamp":"2025-05-26T08:40:37.577Z"}
{"level":"error","message":"Restaurant aggregation failed: $function not allowed in this atlas tier","timestamp":"2025-05-26T08:40:37.702Z"}
{"level":"error","message":"Search error: Restaurant aggregation failed: $function not allowed in this atlas tier","stack":"Error: Restaurant aggregation failed: $function not allowed in this atlas tier\n    at C:\\Users\\praja\\OneDrive\\Desktop\\push\\project-z\\Backend\\Search\\searchRoute.js:423:15\n    at process.processTicksAndRejections (node:internal/process/task_queues:105:5)\n    at async Promise.all (index 0)\n    at async RestaurantAndTiffinSearchEngine.search (C:\\Users\\praja\\OneDrive\\Desktop\\push\\project-z\\Backend\\Search\\searchRoute.js:420:48)\n    at async Promise.all (index 0)\n    at async C:\\Users\\praja\\OneDrive\\Desktop\\push\\project-z\\Backend\\Search\\searchRoute.js:849:55","timestamp":"2025-05-26T08:40:37.702Z"}
{"level":"error","message":"Tiffin aggregation failed: $function not allowed in this atlas tier","timestamp":"2025-05-26T08:40:37.704Z"}
{"level":"info","message":"Search query: {\"query\":\"lulu\",\"lat\":\"40.7128\",\"lon\":\"-74.0060\"}","timestamp":"2025-05-26T08:40:40.320Z"}
{"level":"error","message":"Tiffin aggregation failed: $function not allowed in this atlas tier","timestamp":"2025-05-26T08:40:40.441Z"}
{"level":"error","message":"Search error: Tiffin aggregation failed: $function not allowed in this atlas tier","stack":"Error: Tiffin aggregation failed: $function not allowed in this atlas tier\n    at C:\\Users\\praja\\OneDrive\\Desktop\\push\\project-z\\Backend\\Search\\searchRoute.js:427:15\n    at process.processTicksAndRejections (node:internal/process/task_queues:105:5)\n    at async Promise.all (index 1)\n    at async RestaurantAndTiffinSearchEngine.search (C:\\Users\\praja\\OneDrive\\Desktop\\push\\project-z\\Backend\\Search\\searchRoute.js:420:48)\n    at async Promise.all (index 0)\n    at async C:\\Users\\praja\\OneDrive\\Desktop\\push\\project-z\\Backend\\Search\\searchRoute.js:849:55","timestamp":"2025-05-26T08:40:40.441Z"}
{"level":"error","message":"Restaurant aggregation failed: $function not allowed in this atlas tier","timestamp":"2025-05-26T08:40:40.443Z"}
{"level":"warn","message":"No close food item match found for query: lulu","timestamp":"2025-05-26T08:40:42.332Z"}
{"level":"info","message":"Search query: {\"query\":\"lulu\",\"lat\":\"40.7128\",\"lon\":\"-74.0060\"}","timestamp":"2025-05-26T08:41:46.261Z"}
{"level":"error","message":"Tiffin aggregation failed: $function not allowed in this atlas tier","timestamp":"2025-05-26T08:41:46.401Z"}
{"level":"error","message":"Search error: Tiffin aggregation failed: $function not allowed in this atlas tier","stack":"Error: Tiffin aggregation failed: $function not allowed in this atlas tier\n    at C:\\Users\\praja\\OneDrive\\Desktop\\push\\project-z\\Backend\\Search\\searchRoute.js:424:15\n    at process.processTicksAndRejections (node:internal/process/task_queues:105:5)\n    at async Promise.all (index 1)\n    at async RestaurantAndTiffinSearchEngine.search (C:\\Users\\praja\\OneDrive\\Desktop\\push\\project-z\\Backend\\Search\\searchRoute.js:417:48)\n    at async Promise.all (index 0)\n    at async C:\\Users\\praja\\OneDrive\\Desktop\\push\\project-z\\Backend\\Search\\searchRoute.js:846:55","timestamp":"2025-05-26T08:41:46.402Z"}
{"level":"error","message":"Restaurant aggregation failed: $function not allowed in this atlas tier","timestamp":"2025-05-26T08:41:46.407Z"}
{"level":"warn","message":"No close food item match found for query: lulu","timestamp":"2025-05-26T08:41:48.425Z"}
{"level":"info","message":"Search query: {\"query\":\"lulu\",\"lat\":\"40.7128\",\"lon\":\"-74.0060\"}","timestamp":"2025-05-26T08:45:42.805Z"}
{"level":"info","message":"Cache set for key: search:lulu:40.7128:-74.006:with_tiffins","timestamp":"2025-05-26T08:45:42.946Z"}
{"level":"warn","message":"No close food item match found for query: lulu","timestamp":"2025-05-26T08:45:44.679Z"}
{"level":"info","message":"Cache set for key: search:lulu:40.7128:-74.0060:with_tiffins_recommendations","timestamp":"2025-05-26T08:45:44.681Z"}
{"level":"info","message":"Search query: {\"query\":\"t\",\"lat\":\"40.7128\",\"lon\":\"-74.0060\"}","timestamp":"2025-05-26T08:45:52.119Z"}
{"level":"info","message":"Cache set for key: search:t:40.7128:-74.006:with_tiffins","timestamp":"2025-05-26T08:45:52.278Z"}
{"level":"warn","message":"No close food item match found for query: t","timestamp":"2025-05-26T08:45:53.969Z"}
{"level":"info","message":"Cache set for key: search:t:40.7128:-74.0060:with_tiffins_recommendations","timestamp":"2025-05-26T08:45:53.970Z"}
{"level":"info","message":"Search query: {\"query\":\"Milestones Grill\",\"lat\":\"40.7128\",\"lon\":\"-74.0060\"}","timestamp":"2025-05-26T08:46:42.347Z"}
{"level":"info","message":"Cache set for key: search:milestones grill:40.7128:-74.006:with_tiffins","timestamp":"2025-05-26T08:46:42.483Z"}
{"level":"info","message":"Matched name for recommendations: Milestones Grill + Bar - Burloak","timestamp":"2025-05-26T08:46:44.237Z"}
{"level":"warn","message":"No restaurant found for name: Milestones Grill + Bar - Burloak","timestamp":"2025-05-26T08:46:44.277Z"}
{"level":"info","message":"Cache set for key: search:Milestones Grill:40.7128:-74.0060:with_tiffins_recommendations","timestamp":"2025-05-26T08:46:44.278Z"}
{"level":"info","message":"Recommend query: Milestones Grill   Bar - Markham","timestamp":"2025-05-26T08:46:56.620Z"}
{"level":"warn","message":"No restaurant found for name: Milestones Grill + Bar - Markham","timestamp":"2025-05-26T08:46:56.741Z"}
{"level":"info","message":"Cache set for key: recommend:Milestones Grill   Bar - Markham","timestamp":"2025-05-26T08:46:56.742Z"}
{"level":"info","message":"Recommend query: Milestones Grill   Bar - Markham","timestamp":"2025-05-26T08:46:57.350Z"}
{"level":"info","message":"Cache hit for key: recommend:Milestones Grill   Bar - Markham","timestamp":"2025-05-26T08:46:57.351Z"}
{"level":"info","message":"Search query: {\"query\":\"veg\",\"lat\":\"40.7128\",\"lon\":\"-74.0060\"}","timestamp":"2025-05-26T08:47:13.356Z"}
{"level":"info","message":"Cache set for key: search:veg:40.7128:-74.006:with_tiffins","timestamp":"2025-05-26T08:47:13.517Z"}
{"level":"info","message":"Using restaurant for food item: Parola Ristorante","timestamp":"2025-05-26T08:47:15.162Z"}
{"level":"info","message":"Processed 0 recommendations for Parola Ristorante","timestamp":"2025-05-26T08:47:15.280Z"}
{"level":"info","message":"Cache set for key: search:veg:40.7128:-74.0060:with_tiffins_recommendations","timestamp":"2025-05-26T08:47:15.280Z"}
{"level":"info","message":"Search query: {\"query\":\"s\",\"lat\":\"40.7128\",\"lon\":\"-74.0060\"}","timestamp":"2025-05-26T08:47:20.371Z"}
{"level":"info","message":"Cache set for key: search:s:40.7128:-74.006:with_tiffins","timestamp":"2025-05-26T08:47:20.506Z"}
{"level":"warn","message":"No close food item match found for query: s","timestamp":"2025-05-26T08:47:22.153Z"}
{"level":"info","message":"Cache set for key: search:s:40.7128:-74.0060:with_tiffins_recommendations","timestamp":"2025-05-26T08:47:22.154Z"}
{"level":"info","message":"Search query: {\"query\":\"sea\",\"lat\":\"40.7128\",\"lon\":\"-74.0060\"}","timestamp":"2025-05-26T08:47:27.259Z"}
{"level":"info","message":"Cache set for key: search:sea:40.7128:-74.006:with_tiffins","timestamp":"2025-05-26T08:47:27.407Z"}
{"level":"info","message":"Using restaurant for food item: Sorrel Rosedale","timestamp":"2025-05-26T08:47:29.061Z"}
{"level":"error","message":"Recommend aggregation failed: PlanExecutor error during aggregation :: caused by :: Failed to parse number '' in $convert with no onError value: Empty string","timestamp":"2025-05-26T08:47:29.173Z"}
{"level":"error","message":"Search error: Database aggregation failed: PlanExecutor error during aggregation :: caused by :: Failed to parse number '' in $convert with no onError value: Empty string","stack":"Error: Database aggregation failed: PlanExecutor error during aggregation :: caused by :: Failed to parse number '' in $convert with no onError value: Empty string\n    at RestaurantAndTiffinSearchEngine.recommendRestaurants (C:\\Users\\praja\\OneDrive\\Desktop\\push\\project-z\\Backend\\Search\\searchRoute.js:425:13)\n    at process.processTicksAndRejections (node:internal/process/task_queues:105:5)\n    at async C:\\Users\\praja\\OneDrive\\Desktop\\push\\project-z\\Backend\\Search\\searchRoute.js:721:38","timestamp":"2025-05-26T08:47:29.174Z"}
{"level":"info","message":"Search query: {\"query\":\"season\",\"lat\":\"40.7128\",\"lon\":\"-74.0060\"}","timestamp":"2025-05-26T08:47:30.836Z"}
{"level":"info","message":"Cache set for key: search:season:40.7128:-74.006:with_tiffins","timestamp":"2025-05-26T08:47:30.972Z"}
{"level":"info","message":"Matched name for recommendations: Season Six","timestamp":"2025-05-26T08:47:32.589Z"}
{"level":"error","message":"Recommend aggregation failed: PlanExecutor error during aggregation :: caused by :: Failed to parse number '' in $convert with no onError value: Empty string","timestamp":"2025-05-26T08:47:32.739Z"}
{"level":"error","message":"Search error: Database aggregation failed: PlanExecutor error during aggregation :: caused by :: Failed to parse number '' in $convert with no onError value: Empty string","stack":"Error: Database aggregation failed: PlanExecutor error during aggregation :: caused by :: Failed to parse number '' in $convert with no onError value: Empty string\n    at RestaurantAndTiffinSearchEngine.recommendRestaurants (C:\\Users\\praja\\OneDrive\\Desktop\\push\\project-z\\Backend\\Search\\searchRoute.js:425:13)\n    at process.processTicksAndRejections (node:internal/process/task_queues:105:5)\n    at async C:\\Users\\praja\\OneDrive\\Desktop\\push\\project-z\\Backend\\Search\\searchRoute.js:704:38","timestamp":"2025-05-26T08:47:32.740Z"}
{"level":"info","message":"Search query: {\"query\":\"season six\",\"lat\":\"40.7128\",\"lon\":\"-74.0060\"}","timestamp":"2025-05-26T08:47:34.461Z"}
{"level":"info","message":"Cache set for key: search:season six:40.7128:-74.006:with_tiffins","timestamp":"2025-05-26T08:47:34.643Z"}
{"level":"info","message":"Matched name for recommendations: Season Six","timestamp":"2025-05-26T08:47:36.238Z"}
{"level":"error","message":"Recommend aggregation failed: PlanExecutor error during aggregation :: caused by :: Failed to parse number '' in $convert with no onError value: Empty string","timestamp":"2025-05-26T08:47:36.397Z"}
{"level":"error","message":"Search error: Database aggregation failed: PlanExecutor error during aggregation :: caused by :: Failed to parse number '' in $convert with no onError value: Empty string","stack":"Error: Database aggregation failed: PlanExecutor error during aggregation :: caused by :: Failed to parse number '' in $convert with no onError value: Empty string\n    at RestaurantAndTiffinSearchEngine.recommendRestaurants (C:\\Users\\praja\\OneDrive\\Desktop\\push\\project-z\\Backend\\Search\\searchRoute.js:425:13)\n    at process.processTicksAndRejections (node:internal/process/task_queues:105:5)\n    at async C:\\Users\\praja\\OneDrive\\Desktop\\push\\project-z\\Backend\\Search\\searchRoute.js:704:38","timestamp":"2025-05-26T08:47:36.398Z"}
